11:29:55.342 [background-preinit] INFO  o.h.v.i.util.Version - [<clinit>,21] - HV000001: Hibernate Validator 6.2.5.Final
11:29:55.346 [restartedMain] INFO  c.m.h.HjyCommunityApplication - [logStarting,55] - Starting HjyCommunityApplication using Java 11.0.21 on Users-MacBook-Pro.local with PID 50770 (/Users/user/Downloads/msb_hejiayun/msb_hejiayun/hjy-community/target/classes started by user in /Users/user/Downloads/msb_hejiayun/msb_hejiayun)
11:29:55.348 [restartedMain] INFO  c.m.h.HjyCommunityApplication - [logStartupProfileInfo,637] - The following 1 profile is active: "druid"
11:29:57.059 [restartedMain] INFO  o.a.c.h.Http11NioProtocol - [log,173] - Initializing ProtocolHandler ["http-nio-8888"]
11:29:57.060 [restartedMain] INFO  o.a.c.c.StandardService - [log,173] - Starting service [Tomcat]
11:29:57.060 [restartedMain] INFO  o.a.c.c.StandardEngine - [log,173] - Starting Servlet engine: [Apache Tomcat/9.0.71]
11:29:57.140 [restartedMain] INFO  o.a.c.c.C.[.[.[/hejiayun] - [log,173] - Initializing Spring embedded WebApplicationContext
11:29:57.250 [restartedMain] INFO  c.a.d.s.b.a.DruidDataSourceAutoConfigure - [dataSource,56] - Init DruidDataSource
11:29:57.661 [restartedMain] INFO  c.a.d.p.DruidDataSource - [init,985] - {dataSource-1} inited
11:29:58.782 [restartedMain] INFO  o.a.c.h.Http11NioProtocol - [log,173] - Starting ProtocolHandler ["http-nio-8888"]
11:29:58.822 [restartedMain] INFO  c.m.h.HjyCommunityApplication - [logStarted,61] - Started HjyCommunityApplication in 3.992 seconds (JVM running for 5.135)
11:31:06.622 [http-nio-8888-exec-3] INFO  o.a.c.c.C.[.[.[/hejiayun] - [log,173] - Initializing Spring DispatcherServlet 'dispatcherServlet'
11:33:46.655 [SpringApplicationShutdownHook] INFO  c.a.d.p.DruidDataSource - [close,2032] - {dataSource-1} closing ...
11:33:46.658 [SpringApplicationShutdownHook] INFO  c.a.d.p.DruidDataSource - [close,2104] - {dataSource-1} closed
11:34:26.544 [background-preinit] INFO  o.h.v.i.util.Version - [<clinit>,21] - HV000001: Hibernate Validator 6.2.5.Final
11:34:26.544 [restartedMain] INFO  c.m.h.HjyCommunityApplication - [logStarting,55] - Starting HjyCommunityApplication using Java 11.0.21 on Users-MacBook-Pro.local with PID 50949 (/Users/user/Downloads/msb_hejiayun/msb_hejiayun/hjy-community/target/classes started by user in /Users/user/Downloads/msb_hejiayun/msb_hejiayun)
11:34:26.549 [restartedMain] INFO  c.m.h.HjyCommunityApplication - [logStartupProfileInfo,637] - The following 1 profile is active: "druid"
11:34:28.196 [restartedMain] INFO  o.a.c.h.Http11NioProtocol - [log,173] - Initializing ProtocolHandler ["http-nio-8888"]
11:34:28.196 [restartedMain] INFO  o.a.c.c.StandardService - [log,173] - Starting service [Tomcat]
11:34:28.196 [restartedMain] INFO  o.a.c.c.StandardEngine - [log,173] - Starting Servlet engine: [Apache Tomcat/9.0.71]
11:34:28.277 [restartedMain] INFO  o.a.c.c.C.[.[.[/hejiayun] - [log,173] - Initializing Spring embedded WebApplicationContext
11:34:28.376 [restartedMain] INFO  c.a.d.s.b.a.DruidDataSourceAutoConfigure - [dataSource,56] - Init DruidDataSource
11:34:28.763 [restartedMain] INFO  c.a.d.p.DruidDataSource - [init,985] - {dataSource-1} inited
11:34:29.733 [restartedMain] INFO  o.a.c.h.Http11NioProtocol - [log,173] - Starting ProtocolHandler ["http-nio-8888"]
11:34:29.763 [restartedMain] INFO  c.m.h.HjyCommunityApplication - [logStarted,61] - Started HjyCommunityApplication in 3.673 seconds (JVM running for 4.529)
11:34:32.647 [http-nio-8888-exec-1] INFO  o.a.c.c.C.[.[.[/hejiayun] - [log,173] - Initializing Spring DispatcherServlet 'dispatcherServlet'
11:34:54.365 [SpringApplicationShutdownHook] INFO  c.a.d.p.DruidDataSource - [close,2032] - {dataSource-1} closing ...
11:34:54.375 [SpringApplicationShutdownHook] INFO  c.a.d.p.DruidDataSource - [close,2104] - {dataSource-1} closed
18:23:27.435 [background-preinit] INFO  o.h.v.i.util.Version - [<clinit>,21] - HV000001: Hibernate Validator 6.2.5.Final
18:23:27.439 [restartedMain] INFO  c.m.h.HjyCommunityApplication - [logStarting,55] - Starting HjyCommunityApplication using Java 11.0.21 on Users-MacBook-Pro.local with PID 61919 (/Users/user/Downloads/msb_hejiayun/msb_hejiayun/hjy-community/target/classes started by user in /Users/user/Downloads/msb_hejiayun/msb_hejiayun)
18:23:27.440 [restartedMain] INFO  c.m.h.HjyCommunityApplication - [logStartupProfileInfo,637] - The following 1 profile is active: "druid"
18:23:28.899 [restartedMain] INFO  o.a.c.h.Http11NioProtocol - [log,173] - Initializing ProtocolHandler ["http-nio-8888"]
18:23:28.899 [restartedMain] INFO  o.a.c.c.StandardService - [log,173] - Starting service [Tomcat]
18:23:28.899 [restartedMain] INFO  o.a.c.c.StandardEngine - [log,173] - Starting Servlet engine: [Apache Tomcat/9.0.71]
18:23:28.973 [restartedMain] INFO  o.a.c.c.C.[.[.[/hejiayun] - [log,173] - Initializing Spring embedded WebApplicationContext
18:23:29.070 [restartedMain] INFO  c.a.d.s.b.a.DruidDataSourceAutoConfigure - [dataSource,56] - Init DruidDataSource
18:23:29.399 [restartedMain] INFO  c.a.d.p.DruidDataSource - [init,985] - {dataSource-1} inited
18:23:30.382 [restartedMain] INFO  o.a.c.h.Http11NioProtocol - [log,173] - Starting ProtocolHandler ["http-nio-8888"]
18:23:30.414 [restartedMain] INFO  c.m.h.HjyCommunityApplication - [logStarted,61] - Started HjyCommunityApplication in 3.417 seconds (JVM running for 4.503)
18:24:49.190 [http-nio-8888-exec-2] INFO  o.a.c.c.C.[.[.[/hejiayun] - [log,173] - Initializing Spring DispatcherServlet 'dispatcherServlet'
18:24:49.230 [http-nio-8888-exec-2] INFO  c.m.h.w.c.c.HjyCommunityController - [queryPullDown,94] - log() called with parameters => [hjyCommunity = com.msb.hjycommunity.community.domain.HjyCommunity@4984b2c1]
18:24:49.653 [http-nio-8888-exec-2] INFO  c.m.h.w.c.c.HjyCommunityController - [queryPullDown,104] - log() returned: [HjyCommunityVo{communityId=1623660256618201090, communityName='宏福苑小区'}, HjyCommunityVo{communityId=1747107537859137538, communityName='首付未来城小区'}]
18:27:25.404 [SpringApplicationShutdownHook] INFO  c.a.d.p.DruidDataSource - [close,2032] - {dataSource-1} closing ...
18:27:25.407 [SpringApplicationShutdownHook] INFO  c.a.d.p.DruidDataSource - [close,2104] - {dataSource-1} closed
[31m2024-01-18 18:27:28[0;39m [34mINFO [0;39m [31m[restartedMain][0;39m [1;35mcom.msb.hjycommunity.HjyCommunityApplication[0;39m [36mStarting HjyCommunityApplication using Java 11.0.21 on Users-MacBook-Pro.local with PID 62202 (/Users/user/Downloads/msb_hejiayun/msb_hejiayun/hjy-community/target/classes started by user in /Users/user/Downloads/msb_hejiayun/msb_hejiayun)
[0;39m[31m2024-01-18 18:27:28[0;39m [34mINFO [0;39m [31m[background-preinit][0;39m [1;35morg.hibernate.validator.internal.util.Version[0;39m [36mHV000001: Hibernate Validator 6.2.5.Final
[0;39m[31m2024-01-18 18:27:28[0;39m [34mINFO [0;39m [31m[restartedMain][0;39m [1;35mcom.msb.hjycommunity.HjyCommunityApplication[0;39m [36mThe following 1 profile is active: "druid"
[0;39m[31m2024-01-18 18:27:29[0;39m [34mINFO [0;39m [31m[restartedMain][0;39m [1;35morg.apache.coyote.http11.Http11NioProtocol[0;39m [36mInitializing ProtocolHandler ["http-nio-8888"]
[0;39m[31m2024-01-18 18:27:29[0;39m [34mINFO [0;39m [31m[restartedMain][0;39m [1;35morg.apache.catalina.core.StandardService[0;39m [36mStarting service [Tomcat]
[0;39m[31m2024-01-18 18:27:29[0;39m [34mINFO [0;39m [31m[restartedMain][0;39m [1;35morg.apache.catalina.core.StandardEngine[0;39m [36mStarting Servlet engine: [Apache Tomcat/9.0.71]
[0;39m[31m2024-01-18 18:27:29[0;39m [34mINFO [0;39m [31m[restartedMain][0;39m [1;35mo.a.c.c.C.[Tomcat].[localhost].[/hejiayun][0;39m [36mInitializing Spring embedded WebApplicationContext
[0;39m[31m2024-01-18 18:27:29[0;39m [34mINFO [0;39m [31m[restartedMain][0;39m [1;35mc.a.d.s.b.a.DruidDataSourceAutoConfigure[0;39m [36mInit DruidDataSource
[0;39m[31m2024-01-18 18:27:29[0;39m [34mINFO [0;39m [31m[restartedMain][0;39m [1;35mcom.alibaba.druid.pool.DruidDataSource[0;39m [36m{dataSource-1} inited
[0;39m[31m2024-01-18 18:27:30[0;39m [34mINFO [0;39m [31m[restartedMain][0;39m [1;35morg.apache.coyote.http11.Http11NioProtocol[0;39m [36mStarting ProtocolHandler ["http-nio-8888"]
[0;39m[31m2024-01-18 18:27:30[0;39m [34mINFO [0;39m [31m[restartedMain][0;39m [1;35mcom.msb.hjycommunity.HjyCommunityApplication[0;39m [36mStarted HjyCommunityApplication in 3.234 seconds (JVM running for 4.03)
[0;39m[31m2024-01-18 18:27:37[0;39m [34mINFO [0;39m [31m[http-nio-8888-exec-1][0;39m [1;35mo.a.c.c.C.[Tomcat].[localhost].[/hejiayun][0;39m [36mInitializing Spring DispatcherServlet 'dispatcherServlet'
[0;39m[31m2024-01-18 18:27:37[0;39m [34mINFO [0;39m [31m[http-nio-8888-exec-1][0;39m [1;35mc.m.h.w.c.community.HjyCommunityController[0;39m [36mlog() called with parameters => [hjyCommunity = com.msb.hjycommunity.community.domain.HjyCommunity@aca9861]
[0;39m[31m2024-01-18 18:27:37[0;39m [34mINFO [0;39m [31m[http-nio-8888-exec-1][0;39m [1;35mc.m.h.w.c.community.HjyCommunityController[0;39m [36mlog() returned: [HjyCommunityVo{communityId=1623660256618201090, communityName='宏福苑小区'}, HjyCommunityVo{communityId=1747107537859137538, communityName='首付未来城小区'}]
[0;39m[31m2024-01-18 18:28:05[0;39m [34mINFO [0;39m [31m[SpringApplicationShutdownHook][0;39m [1;35mcom.alibaba.druid.pool.DruidDataSource[0;39m [36m{dataSource-1} closing ...
[0;39m[31m2024-01-18 18:28:05[0;39m [34mINFO [0;39m [31m[SpringApplicationShutdownHook][0;39m [1;35mcom.alibaba.druid.pool.DruidDataSource[0;39m [36m{dataSource-1} closed
[0;39m