11:53:45.897 [background-preinit] INFO  o.h.v.i.util.Version - [<clinit>,21] - HV000001: Hibernate Validator 6.2.5.Final
11:53:45.905 [restartedMain] INFO  c.m.h.HjyCommunityApplication - [logStarting,55] - Starting HjyCommunityApplication using Java 11.0.21 on Users-MacBook-Pro.local with PID 22093 (/Users/user/Downloads/msb_hejiayun/msb_hejiayun/hjy-community/target/classes started by user in /Users/user/Downloads/msb_hejiayun/msb_hejiayun)
11:53:45.907 [restartedMain] INFO  c.m.h.HjyCommunityApplication - [logStartupProfileInfo,637] - The following 1 profile is active: "druid"
11:53:47.750 [restartedMain] INFO  o.a.c.h.Http11NioProtocol - [log,173] - Initializing ProtocolHandler ["http-nio-8888"]
11:53:47.750 [restartedMain] INFO  o.a.c.c.StandardService - [log,173] - Starting service [Tomcat]
11:53:47.750 [restartedMain] INFO  o.a.c.c.StandardEngine - [log,173] - Starting Servlet engine: [Apache Tomcat/9.0.71]
11:53:47.832 [restartedMain] INFO  o.a.c.c.C.[.[.[/hejiayun] - [log,173] - Initializing Spring embedded WebApplicationContext
11:53:47.943 [restartedMain] INFO  c.a.d.s.b.a.DruidDataSourceAutoConfigure - [dataSource,56] - Init DruidDataSource
11:53:48.302 [restartedMain] INFO  c.a.d.p.DruidDataSource - [init,985] - {dataSource-1} inited
11:53:49.414 [restartedMain] INFO  o.a.c.h.Http11NioProtocol - [log,173] - Starting ProtocolHandler ["http-nio-8888"]
11:53:49.452 [restartedMain] INFO  c.m.h.HjyCommunityApplication - [logStarted,61] - Started HjyCommunityApplication in 4.105 seconds (JVM running for 5.513)
11:53:55.504 [SpringApplicationShutdownHook] INFO  c.a.d.p.DruidDataSource - [close,2032] - {dataSource-1} closing ...
11:53:55.513 [SpringApplicationShutdownHook] INFO  c.a.d.p.DruidDataSource - [close,2104] - {dataSource-1} closed
11:58:28.663 [background-preinit] INFO  o.h.v.i.util.Version - [<clinit>,21] - HV000001: Hibernate Validator 6.2.5.Final
11:58:28.669 [restartedMain] INFO  c.m.h.HjyCommunityApplication - [logStarting,55] - Starting HjyCommunityApplication using Java 11.0.21 on Users-MacBook-Pro.local with PID 22525 (/Users/user/Downloads/msb_hejiayun/msb_hejiayun/hjy-community/target/classes started by user in /Users/user/Downloads/msb_hejiayun/msb_hejiayun)
11:58:28.670 [restartedMain] INFO  c.m.h.HjyCommunityApplication - [logStartupProfileInfo,637] - The following 1 profile is active: "druid"
11:58:30.080 [restartedMain] INFO  o.a.c.h.Http11NioProtocol - [log,173] - Initializing ProtocolHandler ["http-nio-8888"]
11:58:30.080 [restartedMain] INFO  o.a.c.c.StandardService - [log,173] - Starting service [Tomcat]
11:58:30.081 [restartedMain] INFO  o.a.c.c.StandardEngine - [log,173] - Starting Servlet engine: [Apache Tomcat/9.0.71]
11:58:30.209 [restartedMain] INFO  o.a.c.c.C.[.[.[/hejiayun] - [log,173] - Initializing Spring embedded WebApplicationContext
11:58:30.340 [restartedMain] INFO  c.a.d.s.b.a.DruidDataSourceAutoConfigure - [dataSource,56] - Init DruidDataSource
11:58:30.696 [restartedMain] INFO  c.a.d.p.DruidDataSource - [init,985] - {dataSource-1} inited
11:58:32.739 [restartedMain] INFO  o.a.c.h.Http11NioProtocol - [log,173] - Starting ProtocolHandler ["http-nio-8888"]
11:58:32.773 [restartedMain] INFO  c.m.h.HjyCommunityApplication - [logStarted,61] - Started HjyCommunityApplication in 4.505 seconds (JVM running for 5.68)
11:58:56.847 [http-nio-8888-exec-1] INFO  o.a.c.c.C.[.[.[/hejiayun] - [log,173] - Initializing Spring DispatcherServlet 'dispatcherServlet'
12:00:26.383 [SpringApplicationShutdownHook] INFO  c.a.d.p.DruidDataSource - [close,2032] - {dataSource-1} closing ...
12:00:26.393 [SpringApplicationShutdownHook] INFO  c.a.d.p.DruidDataSource - [close,2104] - {dataSource-1} closed
12:00:29.392 [background-preinit] INFO  o.h.v.i.util.Version - [<clinit>,21] - HV000001: Hibernate Validator 6.2.5.Final
12:00:29.395 [restartedMain] INFO  c.m.h.HjyCommunityApplication - [logStarting,55] - Starting HjyCommunityApplication using Java 11.0.21 on Users-MacBook-Pro.local with PID 22586 (/Users/user/Downloads/msb_hejiayun/msb_hejiayun/hjy-community/target/classes started by user in /Users/user/Downloads/msb_hejiayun/msb_hejiayun)
12:00:29.397 [restartedMain] INFO  c.m.h.HjyCommunityApplication - [logStartupProfileInfo,637] - The following 1 profile is active: "druid"
12:00:30.721 [restartedMain] INFO  o.a.c.h.Http11NioProtocol - [log,173] - Initializing ProtocolHandler ["http-nio-8888"]
12:00:30.721 [restartedMain] INFO  o.a.c.c.StandardService - [log,173] - Starting service [Tomcat]
12:00:30.721 [restartedMain] INFO  o.a.c.c.StandardEngine - [log,173] - Starting Servlet engine: [Apache Tomcat/9.0.71]
12:00:30.799 [restartedMain] INFO  o.a.c.c.C.[.[.[/hejiayun] - [log,173] - Initializing Spring embedded WebApplicationContext
12:00:30.892 [restartedMain] INFO  c.a.d.s.b.a.DruidDataSourceAutoConfigure - [dataSource,56] - Init DruidDataSource
12:00:31.207 [restartedMain] INFO  c.a.d.p.DruidDataSource - [init,985] - {dataSource-1} inited
12:00:32.132 [restartedMain] INFO  o.a.c.h.Http11NioProtocol - [log,173] - Starting ProtocolHandler ["http-nio-8888"]
12:00:32.163 [restartedMain] INFO  c.m.h.HjyCommunityApplication - [logStarted,61] - Started HjyCommunityApplication in 3.192 seconds (JVM running for 4.365)
12:00:37.273 [http-nio-8888-exec-2] INFO  o.a.c.c.C.[.[.[/hejiayun] - [log,173] - Initializing Spring DispatcherServlet 'dispatcherServlet'
12:02:02.714 [SpringApplicationShutdownHook] INFO  c.a.d.p.DruidDataSource - [close,2032] - {dataSource-1} closing ...
12:02:02.725 [SpringApplicationShutdownHook] INFO  c.a.d.p.DruidDataSource - [close,2104] - {dataSource-1} closed
16:24:04.088 [background-preinit] INFO  o.h.v.i.util.Version - [<clinit>,21] - HV000001: Hibernate Validator 6.2.5.Final
16:24:04.094 [restartedMain] INFO  c.m.h.HjyCommunityApplication - [logStarting,55] - Starting HjyCommunityApplication using Java 11.0.21 on Users-MacBook-Pro.local with PID 29523 (/Users/user/Downloads/msb_hejiayun/msb_hejiayun/hjy-community/target/classes started by user in /Users/user/Downloads/msb_hejiayun/msb_hejiayun)
16:24:04.096 [restartedMain] INFO  c.m.h.HjyCommunityApplication - [logStartupProfileInfo,637] - The following 1 profile is active: "druid"
16:24:05.839 [restartedMain] INFO  o.a.c.h.Http11NioProtocol - [log,173] - Initializing ProtocolHandler ["http-nio-8888"]
16:24:05.840 [restartedMain] INFO  o.a.c.c.StandardService - [log,173] - Starting service [Tomcat]
16:24:05.840 [restartedMain] INFO  o.a.c.c.StandardEngine - [log,173] - Starting Servlet engine: [Apache Tomcat/9.0.71]
16:24:05.923 [restartedMain] INFO  o.a.c.c.C.[.[.[/hejiayun] - [log,173] - Initializing Spring embedded WebApplicationContext
16:24:06.037 [restartedMain] INFO  c.a.d.s.b.a.DruidDataSourceAutoConfigure - [dataSource,56] - Init DruidDataSource
16:24:06.483 [restartedMain] INFO  c.a.d.p.DruidDataSource - [init,985] - {dataSource-1} inited
16:24:07.793 [restartedMain] INFO  o.a.c.h.Http11NioProtocol - [log,173] - Starting ProtocolHandler ["http-nio-8888"]
16:24:07.832 [restartedMain] INFO  c.m.h.HjyCommunityApplication - [logStarted,61] - Started HjyCommunityApplication in 4.278 seconds (JVM running for 5.538)
16:24:27.773 [http-nio-8888-exec-1] INFO  o.a.c.c.C.[.[.[/hejiayun] - [log,173] - Initializing Spring DispatcherServlet 'dispatcherServlet'
16:30:44.530 [SpringApplicationShutdownHook] INFO  c.a.d.p.DruidDataSource - [close,2032] - {dataSource-1} closing ...
16:30:44.552 [SpringApplicationShutdownHook] INFO  c.a.d.p.DruidDataSource - [close,2104] - {dataSource-1} closed
