09:53:47.774 [background-preinit] INFO  o.h.v.i.util.Version - [<clinit>,21] - HV000001: Hibernate Validator 6.2.5.Final
09:53:47.780 [restartedMain] INFO  c.m.h.HjyCommunityApplication - [logStarting,55] - Starting HjyCommunityApplication using Java 11.0.21 on Users-MacBook-Pro.local with PID 22267 (/Users/user/Downloads/msb_hejiayun/msb_hejiayun/hjy-community/target/classes started by user in /Users/user/Downloads/msb_hejiayun/msb_hejiayun)
09:53:47.781 [restartedMain] INFO  c.m.h.HjyCommunityApplication - [logStartupProfileInfo,637] - The following 1 profile is active: "druid"
09:53:49.304 [restartedMain] INFO  o.a.c.h.Http11NioProtocol - [log,173] - Initializing ProtocolHandler ["http-nio-8888"]
09:53:49.305 [restartedMain] INFO  o.a.c.c.StandardService - [log,173] - Starting service [Tomcat]
09:53:49.305 [restartedMain] INFO  o.a.c.c.StandardEngine - [log,173] - Starting Servlet engine: [Apache Tomcat/9.0.71]
09:53:49.385 [restartedMain] INFO  o.a.c.c.C.[.[.[/hejiayun] - [log,173] - Initializing Spring embedded WebApplicationContext
09:53:49.492 [restartedMain] INFO  c.a.d.s.b.a.DruidDataSourceAutoConfigure - [dataSource,56] - Init DruidDataSource
09:53:49.857 [restartedMain] INFO  c.a.d.p.DruidDataSource - [init,985] - {dataSource-1} inited
09:53:50.898 [restartedMain] INFO  o.a.c.h.Http11NioProtocol - [log,173] - Starting ProtocolHandler ["http-nio-8888"]
09:53:50.933 [restartedMain] INFO  c.m.h.HjyCommunityApplication - [logStarted,61] - Started HjyCommunityApplication in 3.636 seconds (JVM running for 4.683)
09:54:16.351 [http-nio-8888-exec-2] INFO  o.a.c.c.C.[.[.[/hejiayun] - [log,173] - Initializing Spring DispatcherServlet 'dispatcherServlet'
10:15:29.265 [SpringApplicationShutdownHook] INFO  c.a.d.p.DruidDataSource - [close,2032] - {dataSource-1} closing ...
10:15:29.269 [SpringApplicationShutdownHook] INFO  c.a.d.p.DruidDataSource - [close,2104] - {dataSource-1} closed
10:15:32.993 [background-preinit] INFO  o.h.v.i.util.Version - [<clinit>,21] - HV000001: Hibernate Validator 6.2.5.Final
10:15:32.995 [restartedMain] INFO  c.m.h.HjyCommunityApplication - [logStarting,55] - Starting HjyCommunityApplication using Java 11.0.21 on Users-MacBook-Pro.local with PID 22895 (/Users/user/Downloads/msb_hejiayun/msb_hejiayun/hjy-community/target/classes started by user in /Users/user/Downloads/msb_hejiayun/msb_hejiayun)
10:15:33.001 [restartedMain] INFO  c.m.h.HjyCommunityApplication - [logStartupProfileInfo,637] - The following 1 profile is active: "druid"
10:15:34.724 [restartedMain] INFO  o.a.c.h.Http11NioProtocol - [log,173] - Initializing ProtocolHandler ["http-nio-8888"]
10:15:34.725 [restartedMain] INFO  o.a.c.c.StandardService - [log,173] - Starting service [Tomcat]
10:15:34.725 [restartedMain] INFO  o.a.c.c.StandardEngine - [log,173] - Starting Servlet engine: [Apache Tomcat/9.0.71]
10:15:34.811 [restartedMain] INFO  o.a.c.c.C.[.[.[/hejiayun] - [log,173] - Initializing Spring embedded WebApplicationContext
10:15:34.921 [restartedMain] INFO  c.a.d.s.b.a.DruidDataSourceAutoConfigure - [dataSource,56] - Init DruidDataSource
10:15:35.217 [restartedMain] INFO  c.a.d.p.DruidDataSource - [init,985] - {dataSource-1} inited
10:15:36.081 [restartedMain] INFO  o.a.c.h.Http11NioProtocol - [log,173] - Starting ProtocolHandler ["http-nio-8888"]
10:15:36.112 [restartedMain] INFO  c.m.h.HjyCommunityApplication - [logStarted,61] - Started HjyCommunityApplication in 3.621 seconds (JVM running for 4.528)
10:15:41.838 [http-nio-8888-exec-2] INFO  o.a.c.c.C.[.[.[/hejiayun] - [log,173] - Initializing Spring DispatcherServlet 'dispatcherServlet'
10:16:54.901 [SpringApplicationShutdownHook] INFO  c.a.d.p.DruidDataSource - [close,2032] - {dataSource-1} closing ...
10:16:54.912 [SpringApplicationShutdownHook] INFO  c.a.d.p.DruidDataSource - [close,2104] - {dataSource-1} closed
10:16:58.316 [restartedMain] INFO  c.m.h.HjyCommunityApplication - [logStarting,55] - Starting HjyCommunityApplication using Java 11.0.21 on Users-MacBook-Pro.local with PID 22935 (/Users/user/Downloads/msb_hejiayun/msb_hejiayun/hjy-community/target/classes started by user in /Users/user/Downloads/msb_hejiayun/msb_hejiayun)
10:16:58.319 [background-preinit] INFO  o.h.v.i.util.Version - [<clinit>,21] - HV000001: Hibernate Validator 6.2.5.Final
10:16:58.321 [restartedMain] INFO  c.m.h.HjyCommunityApplication - [logStartupProfileInfo,637] - The following 1 profile is active: "druid"
10:16:59.815 [restartedMain] INFO  o.a.c.h.Http11NioProtocol - [log,173] - Initializing ProtocolHandler ["http-nio-8888"]
10:16:59.816 [restartedMain] INFO  o.a.c.c.StandardService - [log,173] - Starting service [Tomcat]
10:16:59.816 [restartedMain] INFO  o.a.c.c.StandardEngine - [log,173] - Starting Servlet engine: [Apache Tomcat/9.0.71]
10:16:59.908 [restartedMain] INFO  o.a.c.c.C.[.[.[/hejiayun] - [log,173] - Initializing Spring embedded WebApplicationContext
10:17:00.017 [restartedMain] INFO  c.a.d.s.b.a.DruidDataSourceAutoConfigure - [dataSource,56] - Init DruidDataSource
10:17:00.308 [restartedMain] INFO  c.a.d.p.DruidDataSource - [init,985] - {dataSource-1} inited
10:17:01.190 [restartedMain] INFO  o.a.c.h.Http11NioProtocol - [log,173] - Starting ProtocolHandler ["http-nio-8888"]
10:17:01.226 [restartedMain] INFO  c.m.h.HjyCommunityApplication - [logStarted,61] - Started HjyCommunityApplication in 3.344 seconds (JVM running for 4.205)
10:20:22.204 [SpringApplicationShutdownHook] INFO  c.a.d.p.DruidDataSource - [close,2032] - {dataSource-1} closing ...
10:20:22.213 [SpringApplicationShutdownHook] INFO  c.a.d.p.DruidDataSource - [close,2104] - {dataSource-1} closed
10:21:08.942 [background-preinit] INFO  o.h.v.i.util.Version - [<clinit>,21] - HV000001: Hibernate Validator 6.2.5.Final
10:21:08.940 [restartedMain] INFO  c.m.h.HjyCommunityApplication - [logStarting,55] - Starting HjyCommunityApplication using Java 11.0.21 on Users-MacBook-Pro.local with PID 23034 (/Users/user/Downloads/msb_hejiayun/msb_hejiayun/hjy-community/target/classes started by user in /Users/user/Downloads/msb_hejiayun/msb_hejiayun)
10:21:08.944 [restartedMain] INFO  c.m.h.HjyCommunityApplication - [logStartupProfileInfo,637] - The following 1 profile is active: "druid"
10:21:11.086 [restartedMain] INFO  o.a.c.h.Http11NioProtocol - [log,173] - Initializing ProtocolHandler ["http-nio-8888"]
10:21:11.089 [restartedMain] INFO  o.a.c.c.StandardService - [log,173] - Starting service [Tomcat]
10:21:11.093 [restartedMain] INFO  o.a.c.c.StandardEngine - [log,173] - Starting Servlet engine: [Apache Tomcat/9.0.71]
10:21:11.216 [restartedMain] INFO  o.a.c.c.C.[.[.[/hejiayun] - [log,173] - Initializing Spring embedded WebApplicationContext
10:21:11.371 [restartedMain] INFO  c.a.d.s.b.a.DruidDataSourceAutoConfigure - [dataSource,56] - Init DruidDataSource
10:21:11.991 [restartedMain] INFO  c.a.d.p.DruidDataSource - [init,985] - {dataSource-1} inited
10:21:13.081 [restartedMain] INFO  o.a.c.h.Http11NioProtocol - [log,173] - Starting ProtocolHandler ["http-nio-8888"]
10:21:13.117 [restartedMain] INFO  c.m.h.HjyCommunityApplication - [logStarted,61] - Started HjyCommunityApplication in 4.602 seconds (JVM running for 5.447)
10:23:44.131 [http-nio-8888-exec-1] INFO  o.a.c.c.C.[.[.[/hejiayun] - [log,173] - Initializing Spring DispatcherServlet 'dispatcherServlet'
10:25:40.769 [SpringApplicationShutdownHook] INFO  c.a.d.p.DruidDataSource - [close,2032] - {dataSource-1} closing ...
10:25:40.773 [SpringApplicationShutdownHook] INFO  c.a.d.p.DruidDataSource - [close,2104] - {dataSource-1} closed
10:25:44.466 [restartedMain] INFO  c.m.h.HjyCommunityApplication - [logStarting,55] - Starting HjyCommunityApplication using Java 11.0.21 on Users-MacBook-Pro.local with PID 23190 (/Users/user/Downloads/msb_hejiayun/msb_hejiayun/hjy-community/target/classes started by user in /Users/user/Downloads/msb_hejiayun/msb_hejiayun)
10:25:44.466 [background-preinit] INFO  o.h.v.i.util.Version - [<clinit>,21] - HV000001: Hibernate Validator 6.2.5.Final
10:25:44.469 [restartedMain] INFO  c.m.h.HjyCommunityApplication - [logStartupProfileInfo,637] - The following 1 profile is active: "druid"
10:25:45.912 [restartedMain] INFO  o.a.c.h.Http11NioProtocol - [log,173] - Initializing ProtocolHandler ["http-nio-8888"]
10:25:45.913 [restartedMain] INFO  o.a.c.c.StandardService - [log,173] - Starting service [Tomcat]
10:25:45.913 [restartedMain] INFO  o.a.c.c.StandardEngine - [log,173] - Starting Servlet engine: [Apache Tomcat/9.0.71]
10:25:45.998 [restartedMain] INFO  o.a.c.c.C.[.[.[/hejiayun] - [log,173] - Initializing Spring embedded WebApplicationContext
10:25:46.098 [restartedMain] INFO  c.a.d.s.b.a.DruidDataSourceAutoConfigure - [dataSource,56] - Init DruidDataSource
10:25:46.400 [restartedMain] INFO  c.a.d.p.DruidDataSource - [init,985] - {dataSource-1} inited
10:25:47.322 [restartedMain] INFO  o.a.c.h.Http11NioProtocol - [log,173] - Starting ProtocolHandler ["http-nio-8888"]
10:25:47.356 [restartedMain] INFO  c.m.h.HjyCommunityApplication - [logStarted,61] - Started HjyCommunityApplication in 3.367 seconds (JVM running for 4.399)
10:26:54.995 [http-nio-8888-exec-2] INFO  o.a.c.c.C.[.[.[/hejiayun] - [log,173] - Initializing Spring DispatcherServlet 'dispatcherServlet'
10:27:30.777 [SpringApplicationShutdownHook] INFO  c.a.d.p.DruidDataSource - [close,2032] - {dataSource-1} closing ...
10:27:30.782 [SpringApplicationShutdownHook] INFO  c.a.d.p.DruidDataSource - [close,2104] - {dataSource-1} closed
11:55:55.393 [restartedMain] INFO  c.m.h.HjyCommunityApplication - [logStarting,55] - Starting HjyCommunityApplication using Java 11.0.21 on Users-MacBook-Pro.local with PID 25779 (/Users/user/Downloads/msb_hejiayun/msb_hejiayun/hjy-community/target/classes started by user in /Users/user/Downloads/msb_hejiayun/msb_hejiayun)
11:55:55.397 [background-preinit] INFO  o.h.v.i.util.Version - [<clinit>,21] - HV000001: Hibernate Validator 6.2.5.Final
11:55:55.398 [restartedMain] INFO  c.m.h.HjyCommunityApplication - [logStartupProfileInfo,637] - The following 1 profile is active: "druid"
11:55:56.808 [restartedMain] INFO  o.a.c.h.Http11NioProtocol - [log,173] - Initializing ProtocolHandler ["http-nio-8888"]
11:55:56.808 [restartedMain] INFO  o.a.c.c.StandardService - [log,173] - Starting service [Tomcat]
11:55:56.808 [restartedMain] INFO  o.a.c.c.StandardEngine - [log,173] - Starting Servlet engine: [Apache Tomcat/9.0.71]
11:55:56.891 [restartedMain] INFO  o.a.c.c.C.[.[.[/hejiayun] - [log,173] - Initializing Spring embedded WebApplicationContext
11:55:56.999 [restartedMain] INFO  c.a.d.s.b.a.DruidDataSourceAutoConfigure - [dataSource,56] - Init DruidDataSource
11:55:57.356 [restartedMain] INFO  c.a.d.p.DruidDataSource - [init,985] - {dataSource-1} inited
11:55:58.316 [restartedMain] INFO  o.a.c.h.Http11NioProtocol - [log,173] - Starting ProtocolHandler ["http-nio-8888"]
11:55:58.349 [restartedMain] INFO  c.m.h.HjyCommunityApplication - [logStarted,61] - Started HjyCommunityApplication in 3.36 seconds (JVM running for 4.237)
11:57:24.482 [http-nio-8888-exec-2] INFO  o.a.c.c.C.[.[.[/hejiayun] - [log,173] - Initializing Spring DispatcherServlet 'dispatcherServlet'
12:17:01.567 [SpringApplicationShutdownHook] INFO  c.a.d.p.DruidDataSource - [close,2032] - {dataSource-1} closing ...
12:17:01.575 [SpringApplicationShutdownHook] INFO  c.a.d.p.DruidDataSource - [close,2104] - {dataSource-1} closed
12:28:40.403 [restartedMain] INFO  c.m.h.HjyCommunityApplication - [logStarting,55] - Starting HjyCommunityApplication using Java 11.0.21 on Users-MacBook-Pro.local with PID 26895 (/Users/user/Downloads/msb_hejiayun/msb_hejiayun/hjy-community/target/classes started by user in /Users/user/Downloads/msb_hejiayun/msb_hejiayun)
12:28:40.405 [background-preinit] INFO  o.h.v.i.util.Version - [<clinit>,21] - HV000001: Hibernate Validator 6.2.5.Final
12:28:40.407 [restartedMain] INFO  c.m.h.HjyCommunityApplication - [logStartupProfileInfo,637] - The following 1 profile is active: "druid"
12:28:41.998 [restartedMain] INFO  o.a.c.h.Http11NioProtocol - [log,173] - Initializing ProtocolHandler ["http-nio-8888"]
12:28:41.999 [restartedMain] INFO  o.a.c.c.StandardService - [log,173] - Starting service [Tomcat]
12:28:41.999 [restartedMain] INFO  o.a.c.c.StandardEngine - [log,173] - Starting Servlet engine: [Apache Tomcat/9.0.71]
12:28:42.078 [restartedMain] INFO  o.a.c.c.C.[.[.[/hejiayun] - [log,173] - Initializing Spring embedded WebApplicationContext
12:28:42.180 [restartedMain] INFO  c.a.d.s.b.a.DruidDataSourceAutoConfigure - [dataSource,56] - Init DruidDataSource
12:28:42.498 [restartedMain] INFO  c.a.d.p.DruidDataSource - [init,985] - {dataSource-1} inited
12:28:43.475 [restartedMain] INFO  o.a.c.h.Http11NioProtocol - [log,173] - Starting ProtocolHandler ["http-nio-8888"]
12:28:43.507 [restartedMain] INFO  c.m.h.HjyCommunityApplication - [logStarted,61] - Started HjyCommunityApplication in 3.546 seconds (JVM running for 4.452)
12:39:31.606 [SpringApplicationShutdownHook] INFO  c.a.d.p.DruidDataSource - [close,2032] - {dataSource-1} closing ...
12:39:31.620 [SpringApplicationShutdownHook] INFO  c.a.d.p.DruidDataSource - [close,2104] - {dataSource-1} closed
12:39:34.625 [background-preinit] INFO  o.h.v.i.util.Version - [<clinit>,21] - HV000001: Hibernate Validator 6.2.5.Final
12:39:34.625 [restartedMain] INFO  c.m.h.HjyCommunityApplication - [logStarting,55] - Starting HjyCommunityApplication using Java 11.0.21 on Users-MacBook-Pro.local with PID 27152 (/Users/user/Downloads/msb_hejiayun/msb_hejiayun/hjy-community/target/classes started by user in /Users/user/Downloads/msb_hejiayun/msb_hejiayun)
12:39:34.628 [restartedMain] INFO  c.m.h.HjyCommunityApplication - [logStartupProfileInfo,637] - The following 1 profile is active: "druid"
12:39:36.040 [restartedMain] INFO  o.a.c.h.Http11NioProtocol - [log,173] - Initializing ProtocolHandler ["http-nio-8888"]
12:39:36.041 [restartedMain] INFO  o.a.c.c.StandardService - [log,173] - Starting service [Tomcat]
12:39:36.041 [restartedMain] INFO  o.a.c.c.StandardEngine - [log,173] - Starting Servlet engine: [Apache Tomcat/9.0.71]
12:39:36.127 [restartedMain] INFO  o.a.c.c.C.[.[.[/hejiayun] - [log,173] - Initializing Spring embedded WebApplicationContext
12:39:36.269 [restartedMain] INFO  c.a.d.s.b.a.DruidDataSourceAutoConfigure - [dataSource,56] - Init DruidDataSource
12:39:36.670 [restartedMain] INFO  c.a.d.p.DruidDataSource - [init,985] - {dataSource-1} inited
12:39:37.600 [restartedMain] INFO  o.a.c.h.Http11NioProtocol - [log,173] - Starting ProtocolHandler ["http-nio-8888"]
12:39:37.635 [restartedMain] INFO  c.m.h.HjyCommunityApplication - [logStarted,61] - Started HjyCommunityApplication in 3.478 seconds (JVM running for 4.542)
12:40:33.697 [http-nio-8888-exec-1] INFO  o.a.c.c.C.[.[.[/hejiayun] - [log,173] - Initializing Spring DispatcherServlet 'dispatcherServlet'
12:56:28.960 [SpringApplicationShutdownHook] INFO  c.a.d.p.DruidDataSource - [close,2032] - {dataSource-1} closing ...
12:56:28.962 [SpringApplicationShutdownHook] INFO  c.a.d.p.DruidDataSource - [close,2104] - {dataSource-1} closed
19:10:54.388 [restartedMain] INFO  c.m.h.HjyCommunityApplication - [logStarting,55] - Starting HjyCommunityApplication using Java 11.0.21 on Users-MacBook-Pro.local with PID 36824 (/Users/user/Downloads/msb_hejiayun/msb_hejiayun/hjy-community/target/classes started by user in /Users/user/Downloads/msb_hejiayun/msb_hejiayun)
19:10:54.390 [background-preinit] INFO  o.h.v.i.util.Version - [<clinit>,21] - HV000001: Hibernate Validator 6.2.5.Final
19:10:54.392 [restartedMain] INFO  c.m.h.HjyCommunityApplication - [logStartupProfileInfo,637] - The following 1 profile is active: "druid"
19:10:55.856 [restartedMain] INFO  o.a.c.h.Http11NioProtocol - [log,173] - Initializing ProtocolHandler ["http-nio-8888"]
19:10:55.857 [restartedMain] INFO  o.a.c.c.StandardService - [log,173] - Starting service [Tomcat]
19:10:55.857 [restartedMain] INFO  o.a.c.c.StandardEngine - [log,173] - Starting Servlet engine: [Apache Tomcat/9.0.71]
19:10:55.940 [restartedMain] INFO  o.a.c.c.C.[.[.[/hejiayun] - [log,173] - Initializing Spring embedded WebApplicationContext
19:10:56.053 [restartedMain] INFO  c.a.d.s.b.a.DruidDataSourceAutoConfigure - [dataSource,56] - Init DruidDataSource
19:10:56.392 [restartedMain] INFO  c.a.d.p.DruidDataSource - [init,985] - {dataSource-1} inited
19:10:57.414 [restartedMain] INFO  o.a.c.h.Http11NioProtocol - [log,173] - Starting ProtocolHandler ["http-nio-8888"]
19:10:57.446 [restartedMain] INFO  c.m.h.HjyCommunityApplication - [logStarted,61] - Started HjyCommunityApplication in 3.52 seconds (JVM running for 4.742)
19:13:47.062 [http-nio-8888-exec-3] INFO  o.a.c.c.C.[.[.[/hejiayun] - [log,173] - Initializing Spring DispatcherServlet 'dispatcherServlet'
19:17:03.755 [SpringApplicationShutdownHook] INFO  c.a.d.p.DruidDataSource - [close,2032] - {dataSource-1} closing ...
19:17:03.759 [SpringApplicationShutdownHook] INFO  c.a.d.p.DruidDataSource - [close,2104] - {dataSource-1} closed
19:17:06.420 [restartedMain] INFO  c.m.h.HjyCommunityApplication - [logStarting,55] - Starting HjyCommunityApplication using Java 11.0.21 on Users-MacBook-Pro.local with PID 37004 (/Users/user/Downloads/msb_hejiayun/msb_hejiayun/hjy-community/target/classes started by user in /Users/user/Downloads/msb_hejiayun/msb_hejiayun)
19:17:06.424 [restartedMain] INFO  c.m.h.HjyCommunityApplication - [logStartupProfileInfo,637] - The following 1 profile is active: "druid"
19:17:06.426 [background-preinit] INFO  o.h.v.i.util.Version - [<clinit>,21] - HV000001: Hibernate Validator 6.2.5.Final
19:17:07.837 [restartedMain] INFO  o.a.c.h.Http11NioProtocol - [log,173] - Initializing ProtocolHandler ["http-nio-8888"]
19:17:07.838 [restartedMain] INFO  o.a.c.c.StandardService - [log,173] - Starting service [Tomcat]
19:17:07.838 [restartedMain] INFO  o.a.c.c.StandardEngine - [log,173] - Starting Servlet engine: [Apache Tomcat/9.0.71]
19:17:07.920 [restartedMain] INFO  o.a.c.c.C.[.[.[/hejiayun] - [log,173] - Initializing Spring embedded WebApplicationContext
19:17:08.032 [restartedMain] INFO  c.a.d.s.b.a.DruidDataSourceAutoConfigure - [dataSource,56] - Init DruidDataSource
19:17:08.342 [restartedMain] INFO  c.a.d.p.DruidDataSource - [init,985] - {dataSource-1} inited
19:17:09.231 [restartedMain] INFO  o.a.c.h.Http11NioProtocol - [log,173] - Starting ProtocolHandler ["http-nio-8888"]
19:17:09.262 [restartedMain] INFO  c.m.h.HjyCommunityApplication - [logStarted,61] - Started HjyCommunityApplication in 3.257 seconds (JVM running for 4.211)
19:17:25.441 [http-nio-8888-exec-2] INFO  o.a.c.c.C.[.[.[/hejiayun] - [log,173] - Initializing Spring DispatcherServlet 'dispatcherServlet'
19:47:05.315 [SpringApplicationShutdownHook] INFO  c.a.d.p.DruidDataSource - [close,2032] - {dataSource-1} closing ...
19:47:05.329 [SpringApplicationShutdownHook] INFO  c.a.d.p.DruidDataSource - [close,2104] - {dataSource-1} closed
19:47:08.058 [background-preinit] INFO  o.h.v.i.util.Version - [<clinit>,21] - HV000001: Hibernate Validator 6.2.5.Final
19:47:08.058 [restartedMain] INFO  c.m.h.HjyCommunityApplication - [logStarting,55] - Starting HjyCommunityApplication using Java 11.0.21 on Users-MacBook-Pro.local with PID 37801 (/Users/user/Downloads/msb_hejiayun/msb_hejiayun/hjy-community/target/classes started by user in /Users/user/Downloads/msb_hejiayun/msb_hejiayun)
19:47:08.062 [restartedMain] INFO  c.m.h.HjyCommunityApplication - [logStartupProfileInfo,637] - The following 1 profile is active: "druid"
19:47:09.491 [restartedMain] INFO  o.a.c.h.Http11NioProtocol - [log,173] - Initializing ProtocolHandler ["http-nio-8888"]
19:47:09.492 [restartedMain] INFO  o.a.c.c.StandardService - [log,173] - Starting service [Tomcat]
19:47:09.492 [restartedMain] INFO  o.a.c.c.StandardEngine - [log,173] - Starting Servlet engine: [Apache Tomcat/9.0.71]
19:47:09.565 [restartedMain] INFO  o.a.c.c.C.[.[.[/hejiayun] - [log,173] - Initializing Spring embedded WebApplicationContext
19:47:09.670 [restartedMain] INFO  c.a.d.s.b.a.DruidDataSourceAutoConfigure - [dataSource,56] - Init DruidDataSource
19:47:10.000 [restartedMain] INFO  c.a.d.p.DruidDataSource - [init,985] - {dataSource-1} inited
19:47:11.036 [restartedMain] INFO  o.a.c.h.Http11NioProtocol - [log,173] - Starting ProtocolHandler ["http-nio-8888"]
19:47:11.069 [restartedMain] INFO  c.m.h.HjyCommunityApplication - [logStarted,61] - Started HjyCommunityApplication in 3.412 seconds (JVM running for 4.318)
19:47:44.067 [http-nio-8888-exec-2] INFO  o.a.c.c.C.[.[.[/hejiayun] - [log,173] - Initializing Spring DispatcherServlet 'dispatcherServlet'
20:06:19.955 [SpringApplicationShutdownHook] INFO  c.a.d.p.DruidDataSource - [close,2032] - {dataSource-1} closing ...
20:06:19.959 [SpringApplicationShutdownHook] INFO  c.a.d.p.DruidDataSource - [close,2104] - {dataSource-1} closed
